0 info it worked if it ends with ok
1 verbose cli [ '/usr/local/bin/.nvm/versions/node/v5.4.1/bin/node',
1 verbose cli   '/usr/local/bin/.nvm/versions/node/v5.4.1/bin/npm',
1 verbose cli   'install',
1 verbose cli   'ursa' ]
2 info using npm@3.3.12
3 info using node@v5.4.1
4 silly loadCurrentTree Starting
5 silly install loadCurrentTree
6 silly install readLocalPackageData
7 silly fetchPackageMetaData ursa
8 silly fetchNamedPackageData ursa
9 silly mapToRegistry name ursa
10 silly mapToRegistry using default registry
11 silly mapToRegistry registry https://registry.npmjs.org/
12 silly mapToRegistry uri https://registry.npmjs.org/ursa
13 verbose request uri https://registry.npmjs.org/ursa
14 verbose request no auth needed
15 info attempt registry request try #1 at 11:50:08 PM
16 verbose request id cb9e9e8eb694581c
17 verbose etag "47672PQGMK0GA0MD9MLUKBL17"
18 http request GET https://registry.npmjs.org/ursa
19 http 304 https://registry.npmjs.org/ursa
20 verbose headers { date: 'Mon, 18 Jan 2016 18:20:26 GMT',
20 verbose headers   via: '1.1 varnish',
20 verbose headers   'cache-control': 'max-age=300',
20 verbose headers   etag: '"47672PQGMK0GA0MD9MLUKBL17"',
20 verbose headers   age: '0',
20 verbose headers   connection: 'keep-alive',
20 verbose headers   'x-served-by': 'cache-sin6920-SIN',
20 verbose headers   'x-cache': 'HIT',
20 verbose headers   'x-cache-hits': '1',
20 verbose headers   'x-timer': 'S1453141226.174749,VS0,VE1004',
20 verbose headers   vary: 'Accept' }
21 silly get cb [ 304,
21 silly get   { date: 'Mon, 18 Jan 2016 18:20:26 GMT',
21 silly get     via: '1.1 varnish',
21 silly get     'cache-control': 'max-age=300',
21 silly get     etag: '"47672PQGMK0GA0MD9MLUKBL17"',
21 silly get     age: '0',
21 silly get     connection: 'keep-alive',
21 silly get     'x-served-by': 'cache-sin6920-SIN',
21 silly get     'x-cache': 'HIT',
21 silly get     'x-cache-hits': '1',
21 silly get     'x-timer': 'S1453141226.174749,VS0,VE1004',
21 silly get     vary: 'Accept' } ]
22 verbose etag https://registry.npmjs.org/ursa from cache
23 verbose get saving ursa to /home/mkash32/.npm/registry.npmjs.org/ursa/.cache.json
24 silly install normalizeTree
25 silly loadCurrentTree Finishing
26 silly loadIdealTree Starting
27 silly install loadIdealTree
28 silly cloneCurrentTree Starting
29 silly install cloneCurrentTreeToIdealTree
30 silly cloneCurrentTree Finishing
31 silly loadShrinkwrap Starting
32 silly install loadShrinkwrap
33 silly loadShrinkwrap Finishing
34 silly loadAllDepsIntoIdealTree Starting
35 silly install loadAllDepsIntoIdealTree
36 silly resolveWithNewModule ursa@0.9.1 checking installable status
37 silly cache add args [ 'ursa', null ]
38 verbose cache add spec ursa
39 silly cache add parsed spec Result {
39 silly cache add   raw: 'ursa',
39 silly cache add   scope: null,
39 silly cache add   name: 'ursa',
39 silly cache add   rawSpec: '',
39 silly cache add   spec: '*',
39 silly cache add   type: 'range' }
40 silly addNamed ursa@*
41 verbose addNamed "*" is a valid semver range for ursa
42 silly addNameRange { name: 'ursa', range: '*', hasData: false }
43 silly mapToRegistry name ursa
44 silly mapToRegistry using default registry
45 silly mapToRegistry registry https://registry.npmjs.org/
46 silly mapToRegistry uri https://registry.npmjs.org/ursa
47 verbose addNameRange registry:https://registry.npmjs.org/ursa not in flight; fetching
48 verbose get https://registry.npmjs.org/ursa not expired, no request
49 silly addNameRange number 2 { name: 'ursa', range: '*', hasData: true }
50 silly addNameRange versions [ 'ursa',
50 silly addNameRange   [ '0.4.10',
50 silly addNameRange     '0.4.11',
50 silly addNameRange     '0.4.12',
50 silly addNameRange     '0.4.13',
50 silly addNameRange     '0.6.0',
50 silly addNameRange     '0.6.1',
50 silly addNameRange     '0.6.2',
50 silly addNameRange     '0.6.3',
50 silly addNameRange     '0.6.4',
50 silly addNameRange     '0.6.5',
50 silly addNameRange     '0.6.6',
50 silly addNameRange     '0.6.7',
50 silly addNameRange     '0.6.8',
50 silly addNameRange     '0.6.9',
50 silly addNameRange     '0.7.0',
50 silly addNameRange     '0.8.0',
50 silly addNameRange     '0.8.1',
50 silly addNameRange     '0.8.2',
50 silly addNameRange     '0.8.3',
50 silly addNameRange     '0.8.4',
50 silly addNameRange     '0.8.5',
50 silly addNameRange     '0.9.0',
50 silly addNameRange     '0.9.1' ] ]
51 silly addNamed ursa@0.9.1
52 verbose addNamed "0.9.1" is a plain semver version for ursa
53 silly cache afterAdd ursa@0.9.1
54 verbose afterAdd /home/mkash32/.npm/ursa/0.9.1/package/package.json not in flight; writing
55 verbose afterAdd /home/mkash32/.npm/ursa/0.9.1/package/package.json written
56 silly fetchNamedPackageData bindings
57 silly mapToRegistry name bindings
58 silly mapToRegistry using default registry
59 silly mapToRegistry registry https://registry.npmjs.org/
60 silly mapToRegistry uri https://registry.npmjs.org/bindings
61 silly fetchNamedPackageData nan
62 silly mapToRegistry name nan
63 silly mapToRegistry using default registry
64 silly mapToRegistry registry https://registry.npmjs.org/
65 silly mapToRegistry uri https://registry.npmjs.org/nan
66 verbose request uri https://registry.npmjs.org/bindings
67 verbose request no auth needed
68 info attempt registry request try #1 at 11:50:11 PM
69 verbose etag "1LLBF9OH58DLBEL4629U6032D"
70 http request GET https://registry.npmjs.org/bindings
71 verbose request uri https://registry.npmjs.org/nan
72 verbose request no auth needed
73 info attempt registry request try #1 at 11:50:11 PM
74 verbose etag "798MRG5PQ3TIGV0CLUOSQMVAG"
75 http request GET https://registry.npmjs.org/nan
76 http 304 https://registry.npmjs.org/nan
77 verbose headers { date: 'Mon, 18 Jan 2016 18:20:29 GMT',
77 verbose headers   via: '1.1 varnish',
77 verbose headers   'cache-control': 'max-age=300',
77 verbose headers   etag: '"798MRG5PQ3TIGV0CLUOSQMVAG"',
77 verbose headers   age: '236',
77 verbose headers   connection: 'keep-alive',
77 verbose headers   'x-served-by': 'cache-sin6925-SIN',
77 verbose headers   'x-cache': 'HIT',
77 verbose headers   'x-cache-hits': '4',
77 verbose headers   'x-timer': 'S1453141229.266050,VS0,VE0',
77 verbose headers   vary: 'Accept' }
78 silly get cb [ 304,
78 silly get   { date: 'Mon, 18 Jan 2016 18:20:29 GMT',
78 silly get     via: '1.1 varnish',
78 silly get     'cache-control': 'max-age=300',
78 silly get     etag: '"798MRG5PQ3TIGV0CLUOSQMVAG"',
78 silly get     age: '236',
78 silly get     connection: 'keep-alive',
78 silly get     'x-served-by': 'cache-sin6925-SIN',
78 silly get     'x-cache': 'HIT',
78 silly get     'x-cache-hits': '4',
78 silly get     'x-timer': 'S1453141229.266050,VS0,VE0',
78 silly get     vary: 'Accept' } ]
79 verbose etag https://registry.npmjs.org/nan from cache
80 verbose get saving nan to /home/mkash32/.npm/registry.npmjs.org/nan/.cache.json
81 silly resolveWithNewModule nan@2.2.0 checking installable status
82 silly cache add args [ 'nan@^2.0.9', null ]
83 verbose cache add spec nan@^2.0.9
84 silly cache add parsed spec Result {
84 silly cache add   raw: 'nan@^2.0.9',
84 silly cache add   scope: null,
84 silly cache add   name: 'nan',
84 silly cache add   rawSpec: '^2.0.9',
84 silly cache add   spec: '>=2.0.9 <3.0.0',
84 silly cache add   type: 'range' }
85 silly addNamed nan@>=2.0.9 <3.0.0
86 verbose addNamed ">=2.0.9 <3.0.0" is a valid semver range for nan
87 silly addNameRange { name: 'nan', range: '>=2.0.9 <3.0.0', hasData: false }
88 silly mapToRegistry name nan
89 silly mapToRegistry using default registry
90 silly mapToRegistry registry https://registry.npmjs.org/
91 silly mapToRegistry uri https://registry.npmjs.org/nan
92 verbose addNameRange registry:https://registry.npmjs.org/nan not in flight; fetching
93 verbose get https://registry.npmjs.org/nan not expired, no request
94 silly addNameRange number 2 { name: 'nan', range: '>=2.0.9 <3.0.0', hasData: true }
95 silly addNameRange versions [ 'nan',
95 silly addNameRange   [ '0.3.0-wip',
95 silly addNameRange     '0.3.0-wip2',
95 silly addNameRange     '0.3.0',
95 silly addNameRange     '0.3.1',
95 silly addNameRange     '0.3.2',
95 silly addNameRange     '0.4.0',
95 silly addNameRange     '0.4.1',
95 silly addNameRange     '0.4.2',
95 silly addNameRange     '0.4.3',
95 silly addNameRange     '0.4.4',
95 silly addNameRange     '0.5.0',
95 silly addNameRange     '0.5.1',
95 silly addNameRange     '0.5.2',
95 silly addNameRange     '0.6.0',
95 silly addNameRange     '0.7.0',
95 silly addNameRange     '0.7.1',
95 silly addNameRange     '0.8.0',
95 silly addNameRange     '1.0.0',
95 silly addNameRange     '1.1.0',
95 silly addNameRange     '1.1.1',
95 silly addNameRange     '1.1.2',
95 silly addNameRange     '1.2.0',
95 silly addNameRange     '1.3.0',
95 silly addNameRange     '1.4.0',
95 silly addNameRange     '1.4.1',
95 silly addNameRange     '1.5.0',
95 silly addNameRange     '1.4.2',
95 silly addNameRange     '1.4.3',
95 silly addNameRange     '1.5.1',
95 silly addNameRange     '1.5.2',
95 silly addNameRange     '1.6.0',
95 silly addNameRange     '1.5.3',
95 silly addNameRange     '1.6.1',
95 silly addNameRange     '1.6.2',
95 silly addNameRange     '1.7.0',
95 silly addNameRange     '1.8.0',
95 silly addNameRange     '1.8.1',
95 silly addNameRange     '1.8.2',
95 silly addNameRange     '1.8.3',
95 silly addNameRange     '1.8.4',
95 silly addNameRange     '1.9.0',
95 silly addNameRange     '2.0.0',
95 silly addNameRange     '2.0.1',
95 silly addNameRange     '2.0.2',
95 silly addNameRange     '2.0.3',
95 silly addNameRange     '2.0.4',
95 silly addNameRange     '2.0.5',
95 silly addNameRange     '2.0.6',
95 silly addNameRange     '2.0.7',
95 silly addNameRange     '2.0.8',
95 silly addNameRange     '2.0.9',
95 silly addNameRange     '2.1.0',
95 silly addNameRange     '2.2.0' ] ]
96 silly addNamed nan@2.2.0
97 verbose addNamed "2.2.0" is a plain semver version for nan
98 silly cache afterAdd nan@2.2.0
99 verbose afterAdd /home/mkash32/.npm/nan/2.2.0/package/package.json not in flight; writing
100 verbose afterAdd /home/mkash32/.npm/nan/2.2.0/package/package.json written
101 http 304 https://registry.npmjs.org/bindings
102 verbose headers { date: 'Mon, 18 Jan 2016 18:20:35 GMT',
102 verbose headers   via: '1.1 varnish',
102 verbose headers   'cache-control': 'max-age=300',
102 verbose headers   etag: '"1LLBF9OH58DLBEL4629U6032D"',
102 verbose headers   age: '52',
102 verbose headers   connection: 'keep-alive',
102 verbose headers   'x-served-by': 'cache-sin6923-SIN',
102 verbose headers   'x-cache': 'HIT',
102 verbose headers   'x-cache-hits': '1',
102 verbose headers   'x-timer': 'S1453141235.005022,VS0,VE0',
102 verbose headers   vary: 'Accept' }
103 silly get cb [ 304,
103 silly get   { date: 'Mon, 18 Jan 2016 18:20:35 GMT',
103 silly get     via: '1.1 varnish',
103 silly get     'cache-control': 'max-age=300',
103 silly get     etag: '"1LLBF9OH58DLBEL4629U6032D"',
103 silly get     age: '52',
103 silly get     connection: 'keep-alive',
103 silly get     'x-served-by': 'cache-sin6923-SIN',
103 silly get     'x-cache': 'HIT',
103 silly get     'x-cache-hits': '1',
103 silly get     'x-timer': 'S1453141235.005022,VS0,VE0',
103 silly get     vary: 'Accept' } ]
104 verbose etag https://registry.npmjs.org/bindings from cache
105 verbose get saving bindings to /home/mkash32/.npm/registry.npmjs.org/bindings/.cache.json
106 silly resolveWithNewModule bindings@1.2.1 checking installable status
107 silly cache add args [ 'bindings@^1.2.1', null ]
108 verbose cache add spec bindings@^1.2.1
109 silly cache add parsed spec Result {
109 silly cache add   raw: 'bindings@^1.2.1',
109 silly cache add   scope: null,
109 silly cache add   name: 'bindings',
109 silly cache add   rawSpec: '^1.2.1',
109 silly cache add   spec: '>=1.2.1 <2.0.0',
109 silly cache add   type: 'range' }
110 silly addNamed bindings@>=1.2.1 <2.0.0
111 verbose addNamed ">=1.2.1 <2.0.0" is a valid semver range for bindings
112 silly addNameRange { name: 'bindings', range: '>=1.2.1 <2.0.0', hasData: false }
113 silly mapToRegistry name bindings
114 silly mapToRegistry using default registry
115 silly mapToRegistry registry https://registry.npmjs.org/
116 silly mapToRegistry uri https://registry.npmjs.org/bindings
117 verbose addNameRange registry:https://registry.npmjs.org/bindings not in flight; fetching
118 verbose get https://registry.npmjs.org/bindings not expired, no request
119 silly addNameRange number 2 { name: 'bindings', range: '>=1.2.1 <2.0.0', hasData: true }
120 silly addNameRange versions [ 'bindings',
120 silly addNameRange   [ '0.0.1',
120 silly addNameRange     '0.1.0',
120 silly addNameRange     '0.1.1',
120 silly addNameRange     '0.2.0',
120 silly addNameRange     '0.2.1',
120 silly addNameRange     '0.2.2',
120 silly addNameRange     '0.2.3',
120 silly addNameRange     '0.2.4',
120 silly addNameRange     '0.3.0',
120 silly addNameRange     '0.4.0',
120 silly addNameRange     '1.0.0',
120 silly addNameRange     '1.1.0',
120 silly addNameRange     '1.1.1',
120 silly addNameRange     '1.2.0',
120 silly addNameRange     '1.2.1' ] ]
121 silly addNamed bindings@1.2.1
122 verbose addNamed "1.2.1" is a plain semver version for bindings
123 silly cache afterAdd bindings@1.2.1
124 verbose afterAdd /home/mkash32/.npm/bindings/1.2.1/package/package.json not in flight; writing
125 verbose afterAdd /home/mkash32/.npm/bindings/1.2.1/package/package.json written
126 silly loadAllDepsIntoIdealTree Finishing
127 silly idealTree:prePrune aadhaar-node-client@0.0.0
127 silly idealTree:prePrune +-- accepts@1.2.13
127 silly idealTree:prePrune +-- acorn-globals@1.0.9
127 silly idealTree:prePrune +-- acorn@2.7.0
127 silly idealTree:prePrune +-- align-text@0.1.3
127 silly idealTree:prePrune +-- amdefine@1.0.0
127 silly idealTree:prePrune +-- array-flatten@1.1.1
127 silly idealTree:prePrune +-- asap@1.0.0
127 silly idealTree:prePrune +-- async@0.2.10
127 silly idealTree:prePrune +-- basic-auth@1.0.3
127 silly idealTree:prePrune +-- bindings@1.2.1
127 silly idealTree:prePrune +-- body-parser@1.13.3
127 silly idealTree:prePrune +-- bytes@2.1.0
127 silly idealTree:prePrune +-- camelcase@1.2.1
127 silly idealTree:prePrune +-- center-align@0.1.2
127 silly idealTree:prePrune +-- character-parser@1.2.1
127 silly idealTree:prePrune +-- clean-css@3.4.9
127 silly idealTree:prePrune | `-- commander@2.8.1
127 silly idealTree:prePrune +-- cliui@2.1.0
127 silly idealTree:prePrune | `-- wordwrap@0.0.2
127 silly idealTree:prePrune +-- commander@2.6.0
127 silly idealTree:prePrune +-- constantinople@3.0.2
127 silly idealTree:prePrune +-- content-disposition@0.5.0
127 silly idealTree:prePrune +-- content-type@1.0.1
127 silly idealTree:prePrune +-- cookie-parser@1.3.5
127 silly idealTree:prePrune +-- cookie-signature@1.0.6
127 silly idealTree:prePrune +-- cookie@0.1.3
127 silly idealTree:prePrune +-- css-parse@1.0.4
127 silly idealTree:prePrune +-- css-stringify@1.0.5
127 silly idealTree:prePrune +-- css@1.0.8
127 silly idealTree:prePrune +-- debug@2.2.0
127 silly idealTree:prePrune +-- decamelize@1.1.2
127 silly idealTree:prePrune +-- depd@1.0.1
127 silly idealTree:prePrune +-- destroy@1.0.3
127 silly idealTree:prePrune +-- ee-first@1.1.1
127 silly idealTree:prePrune +-- escape-html@1.0.2
127 silly idealTree:prePrune +-- escape-string-regexp@1.0.4
127 silly idealTree:prePrune +-- etag@1.7.0
127 silly idealTree:prePrune +-- express@4.13.3
127 silly idealTree:prePrune +-- finalhandler@0.4.0
127 silly idealTree:prePrune +-- forwarded@0.1.0
127 silly idealTree:prePrune +-- fresh@0.3.0
127 silly idealTree:prePrune +-- graceful-readlink@1.0.1
127 silly idealTree:prePrune +-- http-errors@1.3.1
127 silly idealTree:prePrune +-- iconv-lite@0.4.11
127 silly idealTree:prePrune +-- inherits@2.0.1
127 silly idealTree:prePrune +-- ipaddr.js@1.0.5
127 silly idealTree:prePrune +-- is-buffer@1.1.1
127 silly idealTree:prePrune +-- is-promise@2.1.0
127 silly idealTree:prePrune +-- jade@1.11.0
127 silly idealTree:prePrune +-- jstransformer@0.0.2
127 silly idealTree:prePrune +-- kind-of@2.0.1
127 silly idealTree:prePrune +-- lazy-cache@0.2.7
127 silly idealTree:prePrune +-- lodash@4.0.0
127 silly idealTree:prePrune +-- longest@1.0.1
127 silly idealTree:prePrune +-- media-typer@0.3.0
127 silly idealTree:prePrune +-- merge-descriptors@1.0.0
127 silly idealTree:prePrune +-- methods@1.1.1
127 silly idealTree:prePrune +-- mime-db@1.21.0
127 silly idealTree:prePrune +-- mime-types@2.1.9
127 silly idealTree:prePrune +-- mime@1.3.4
127 silly idealTree:prePrune +-- minimist@0.0.8
127 silly idealTree:prePrune +-- mkdirp@0.5.1
127 silly idealTree:prePrune +-- morgan@1.6.1
127 silly idealTree:prePrune +-- ms@0.7.1
127 silly idealTree:prePrune +-- nan@2.2.0
127 silly idealTree:prePrune +-- negotiator@0.5.3
127 silly idealTree:prePrune +-- on-finished@2.3.0
127 silly idealTree:prePrune +-- on-headers@1.0.1
127 silly idealTree:prePrune +-- optimist@0.3.7
127 silly idealTree:prePrune +-- parseurl@1.3.0
127 silly idealTree:prePrune +-- path-to-regexp@0.1.7
127 silly idealTree:prePrune +-- promise@6.1.0
127 silly idealTree:prePrune +-- proxy-addr@1.0.10
127 silly idealTree:prePrune +-- qs@4.0.0
127 silly idealTree:prePrune +-- range-parser@1.0.3
127 silly idealTree:prePrune +-- raw-body@2.1.5
127 silly idealTree:prePrune | +-- bytes@2.2.0
127 silly idealTree:prePrune | `-- iconv-lite@0.4.13
127 silly idealTree:prePrune +-- repeat-string@1.5.2
127 silly idealTree:prePrune +-- right-align@0.1.3
127 silly idealTree:prePrune +-- send@0.13.0
127 silly idealTree:prePrune +-- serve-favicon@2.3.0
127 silly idealTree:prePrune +-- serve-static@1.10.1
127 silly idealTree:prePrune | +-- depd@1.1.0
127 silly idealTree:prePrune | +-- destroy@1.0.4
127 silly idealTree:prePrune | +-- escape-html@1.0.3
127 silly idealTree:prePrune | `-- send@0.13.1
127 silly idealTree:prePrune +-- source-map@0.4.4
127 silly idealTree:prePrune +-- statuses@1.2.1
127 silly idealTree:prePrune +-- transformers@2.1.0
127 silly idealTree:prePrune | +-- is-promise@1.0.1
127 silly idealTree:prePrune | +-- promise@2.0.0
127 silly idealTree:prePrune | +-- source-map@0.1.43
127 silly idealTree:prePrune | `-- uglify-js@2.2.5
127 silly idealTree:prePrune +-- type-is@1.6.10
127 silly idealTree:prePrune +-- uglify-js@2.6.1
127 silly idealTree:prePrune | `-- source-map@0.5.3
127 silly idealTree:prePrune +-- uglify-to-browserify@1.0.2
127 silly idealTree:prePrune +-- unpipe@1.0.0
127 silly idealTree:prePrune +-- ursa@0.9.1
127 silly idealTree:prePrune +-- utils-merge@1.0.0
127 silly idealTree:prePrune +-- vary@1.0.1
127 silly idealTree:prePrune +-- void-elements@2.0.1
127 silly idealTree:prePrune +-- window-size@0.1.0
127 silly idealTree:prePrune +-- with@4.0.3
127 silly idealTree:prePrune | `-- acorn@1.2.2
127 silly idealTree:prePrune +-- wordwrap@0.0.3
127 silly idealTree:prePrune +-- xmlbuilder@4.2.1
127 silly idealTree:prePrune `-- yargs@3.10.0
128 silly loadIdealTree Finishing
129 silly currentTree aadhaar-node-client@0.0.0
129 silly currentTree +-- accepts@1.2.13
129 silly currentTree +-- acorn-globals@1.0.9
129 silly currentTree +-- acorn@2.7.0
129 silly currentTree +-- align-text@0.1.3
129 silly currentTree +-- amdefine@1.0.0
129 silly currentTree +-- array-flatten@1.1.1
129 silly currentTree +-- asap@1.0.0
129 silly currentTree +-- async@0.2.10
129 silly currentTree +-- basic-auth@1.0.3
129 silly currentTree +-- body-parser@1.13.3
129 silly currentTree +-- bytes@2.1.0
129 silly currentTree +-- camelcase@1.2.1
129 silly currentTree +-- center-align@0.1.2
129 silly currentTree +-- character-parser@1.2.1
129 silly currentTree +-- clean-css@3.4.9
129 silly currentTree | `-- commander@2.8.1
129 silly currentTree +-- cliui@2.1.0
129 silly currentTree | `-- wordwrap@0.0.2
129 silly currentTree +-- commander@2.6.0
129 silly currentTree +-- constantinople@3.0.2
129 silly currentTree +-- content-disposition@0.5.0
129 silly currentTree +-- content-type@1.0.1
129 silly currentTree +-- cookie-parser@1.3.5
129 silly currentTree +-- cookie-signature@1.0.6
129 silly currentTree +-- cookie@0.1.3
129 silly currentTree +-- css-parse@1.0.4
129 silly currentTree +-- css-stringify@1.0.5
129 silly currentTree +-- css@1.0.8
129 silly currentTree +-- debug@2.2.0
129 silly currentTree +-- decamelize@1.1.2
129 silly currentTree +-- depd@1.0.1
129 silly currentTree +-- destroy@1.0.3
129 silly currentTree +-- ee-first@1.1.1
129 silly currentTree +-- escape-html@1.0.2
129 silly currentTree +-- escape-string-regexp@1.0.4
129 silly currentTree +-- etag@1.7.0
129 silly currentTree +-- express@4.13.3
129 silly currentTree +-- finalhandler@0.4.0
129 silly currentTree +-- forwarded@0.1.0
129 silly currentTree +-- fresh@0.3.0
129 silly currentTree +-- graceful-readlink@1.0.1
129 silly currentTree +-- http-errors@1.3.1
129 silly currentTree +-- iconv-lite@0.4.11
129 silly currentTree +-- inherits@2.0.1
129 silly currentTree +-- ipaddr.js@1.0.5
129 silly currentTree +-- is-buffer@1.1.1
129 silly currentTree +-- is-promise@2.1.0
129 silly currentTree +-- jade@1.11.0
129 silly currentTree +-- jstransformer@0.0.2
129 silly currentTree +-- kind-of@2.0.1
129 silly currentTree +-- lazy-cache@0.2.7
129 silly currentTree +-- lodash@4.0.0
129 silly currentTree +-- longest@1.0.1
129 silly currentTree +-- media-typer@0.3.0
129 silly currentTree +-- merge-descriptors@1.0.0
129 silly currentTree +-- methods@1.1.1
129 silly currentTree +-- mime-db@1.21.0
129 silly currentTree +-- mime-types@2.1.9
129 silly currentTree +-- mime@1.3.4
129 silly currentTree +-- minimist@0.0.8
129 silly currentTree +-- mkdirp@0.5.1
129 silly currentTree +-- morgan@1.6.1
129 silly currentTree +-- ms@0.7.1
129 silly currentTree +-- negotiator@0.5.3
129 silly currentTree +-- on-finished@2.3.0
129 silly currentTree +-- on-headers@1.0.1
129 silly currentTree +-- optimist@0.3.7
129 silly currentTree +-- parseurl@1.3.0
129 silly currentTree +-- path-to-regexp@0.1.7
129 silly currentTree +-- promise@6.1.0
129 silly currentTree +-- proxy-addr@1.0.10
129 silly currentTree +-- qs@4.0.0
129 silly currentTree +-- range-parser@1.0.3
129 silly currentTree +-- raw-body@2.1.5
129 silly currentTree | +-- bytes@2.2.0
129 silly currentTree | `-- iconv-lite@0.4.13
129 silly currentTree +-- repeat-string@1.5.2
129 silly currentTree +-- right-align@0.1.3
129 silly currentTree +-- send@0.13.0
129 silly currentTree +-- serve-favicon@2.3.0
129 silly currentTree +-- serve-static@1.10.1
129 silly currentTree | +-- depd@1.1.0
129 silly currentTree | +-- destroy@1.0.4
129 silly currentTree | +-- escape-html@1.0.3
129 silly currentTree | `-- send@0.13.1
129 silly currentTree +-- source-map@0.4.4
129 silly currentTree +-- statuses@1.2.1
129 silly currentTree +-- transformers@2.1.0
129 silly currentTree | +-- is-promise@1.0.1
129 silly currentTree | +-- promise@2.0.0
129 silly currentTree | +-- source-map@0.1.43
129 silly currentTree | `-- uglify-js@2.2.5
129 silly currentTree +-- type-is@1.6.10
129 silly currentTree +-- uglify-js@2.6.1
129 silly currentTree | `-- source-map@0.5.3
129 silly currentTree +-- uglify-to-browserify@1.0.2
129 silly currentTree +-- unpipe@1.0.0
129 silly currentTree +-- utils-merge@1.0.0
129 silly currentTree +-- vary@1.0.1
129 silly currentTree +-- void-elements@2.0.1
129 silly currentTree +-- window-size@0.1.0
129 silly currentTree +-- with@4.0.3
129 silly currentTree | `-- acorn@1.2.2
129 silly currentTree +-- wordwrap@0.0.3
129 silly currentTree +-- xmlbuilder@4.2.1
129 silly currentTree `-- yargs@3.10.0
130 silly idealTree aadhaar-node-client@0.0.0
130 silly idealTree +-- accepts@1.2.13
130 silly idealTree +-- acorn-globals@1.0.9
130 silly idealTree +-- acorn@2.7.0
130 silly idealTree +-- align-text@0.1.3
130 silly idealTree +-- amdefine@1.0.0
130 silly idealTree +-- array-flatten@1.1.1
130 silly idealTree +-- asap@1.0.0
130 silly idealTree +-- async@0.2.10
130 silly idealTree +-- basic-auth@1.0.3
130 silly idealTree +-- bindings@1.2.1
130 silly idealTree +-- body-parser@1.13.3
130 silly idealTree +-- bytes@2.1.0
130 silly idealTree +-- camelcase@1.2.1
130 silly idealTree +-- center-align@0.1.2
130 silly idealTree +-- character-parser@1.2.1
130 silly idealTree +-- clean-css@3.4.9
130 silly idealTree | `-- commander@2.8.1
130 silly idealTree +-- cliui@2.1.0
130 silly idealTree | `-- wordwrap@0.0.2
130 silly idealTree +-- commander@2.6.0
130 silly idealTree +-- constantinople@3.0.2
130 silly idealTree +-- content-disposition@0.5.0
130 silly idealTree +-- content-type@1.0.1
130 silly idealTree +-- cookie-parser@1.3.5
130 silly idealTree +-- cookie-signature@1.0.6
130 silly idealTree +-- cookie@0.1.3
130 silly idealTree +-- css-parse@1.0.4
130 silly idealTree +-- css-stringify@1.0.5
130 silly idealTree +-- css@1.0.8
130 silly idealTree +-- debug@2.2.0
130 silly idealTree +-- decamelize@1.1.2
130 silly idealTree +-- depd@1.0.1
130 silly idealTree +-- destroy@1.0.3
130 silly idealTree +-- ee-first@1.1.1
130 silly idealTree +-- escape-html@1.0.2
130 silly idealTree +-- escape-string-regexp@1.0.4
130 silly idealTree +-- etag@1.7.0
130 silly idealTree +-- express@4.13.3
130 silly idealTree +-- finalhandler@0.4.0
130 silly idealTree +-- forwarded@0.1.0
130 silly idealTree +-- fresh@0.3.0
130 silly idealTree +-- graceful-readlink@1.0.1
130 silly idealTree +-- http-errors@1.3.1
130 silly idealTree +-- iconv-lite@0.4.11
130 silly idealTree +-- inherits@2.0.1
130 silly idealTree +-- ipaddr.js@1.0.5
130 silly idealTree +-- is-buffer@1.1.1
130 silly idealTree +-- is-promise@2.1.0
130 silly idealTree +-- jade@1.11.0
130 silly idealTree +-- jstransformer@0.0.2
130 silly idealTree +-- kind-of@2.0.1
130 silly idealTree +-- lazy-cache@0.2.7
130 silly idealTree +-- lodash@4.0.0
130 silly idealTree +-- longest@1.0.1
130 silly idealTree +-- media-typer@0.3.0
130 silly idealTree +-- merge-descriptors@1.0.0
130 silly idealTree +-- methods@1.1.1
130 silly idealTree +-- mime-db@1.21.0
130 silly idealTree +-- mime-types@2.1.9
130 silly idealTree +-- mime@1.3.4
130 silly idealTree +-- minimist@0.0.8
130 silly idealTree +-- mkdirp@0.5.1
130 silly idealTree +-- morgan@1.6.1
130 silly idealTree +-- ms@0.7.1
130 silly idealTree +-- nan@2.2.0
130 silly idealTree +-- negotiator@0.5.3
130 silly idealTree +-- on-finished@2.3.0
130 silly idealTree +-- on-headers@1.0.1
130 silly idealTree +-- optimist@0.3.7
130 silly idealTree +-- parseurl@1.3.0
130 silly idealTree +-- path-to-regexp@0.1.7
130 silly idealTree +-- promise@6.1.0
130 silly idealTree +-- proxy-addr@1.0.10
130 silly idealTree +-- qs@4.0.0
130 silly idealTree +-- range-parser@1.0.3
130 silly idealTree +-- raw-body@2.1.5
130 silly idealTree | +-- bytes@2.2.0
130 silly idealTree | `-- iconv-lite@0.4.13
130 silly idealTree +-- repeat-string@1.5.2
130 silly idealTree +-- right-align@0.1.3
130 silly idealTree +-- send@0.13.0
130 silly idealTree +-- serve-favicon@2.3.0
130 silly idealTree +-- serve-static@1.10.1
130 silly idealTree | +-- depd@1.1.0
130 silly idealTree | +-- destroy@1.0.4
130 silly idealTree | +-- escape-html@1.0.3
130 silly idealTree | `-- send@0.13.1
130 silly idealTree +-- source-map@0.4.4
130 silly idealTree +-- statuses@1.2.1
130 silly idealTree +-- transformers@2.1.0
130 silly idealTree | +-- is-promise@1.0.1
130 silly idealTree | +-- promise@2.0.0
130 silly idealTree | +-- source-map@0.1.43
130 silly idealTree | `-- uglify-js@2.2.5
130 silly idealTree +-- type-is@1.6.10
130 silly idealTree +-- uglify-js@2.6.1
130 silly idealTree | `-- source-map@0.5.3
130 silly idealTree +-- uglify-to-browserify@1.0.2
130 silly idealTree +-- unpipe@1.0.0
130 silly idealTree +-- ursa@0.9.1
130 silly idealTree +-- utils-merge@1.0.0
130 silly idealTree +-- vary@1.0.1
130 silly idealTree +-- void-elements@2.0.1
130 silly idealTree +-- window-size@0.1.0
130 silly idealTree +-- with@4.0.3
130 silly idealTree | `-- acorn@1.2.2
130 silly idealTree +-- wordwrap@0.0.3
130 silly idealTree +-- xmlbuilder@4.2.1
130 silly idealTree `-- yargs@3.10.0
131 silly generateActionsToTake Starting
132 silly install generateActionsToTake
133 silly generateActionsToTake Finishing
134 silly diffTrees action count 3
135 silly diffTrees add bindings@1.2.1
136 silly diffTrees add nan@2.2.0
137 silly diffTrees add ursa@0.9.1
138 silly decomposeActions action count 24
139 silly decomposeActions fetch bindings@1.2.1
140 silly decomposeActions extract bindings@1.2.1
141 silly decomposeActions preinstall bindings@1.2.1
142 silly decomposeActions build bindings@1.2.1
143 silly decomposeActions install bindings@1.2.1
144 silly decomposeActions postinstall bindings@1.2.1
145 silly decomposeActions test bindings@1.2.1
146 silly decomposeActions finalize bindings@1.2.1
147 silly decomposeActions fetch nan@2.2.0
148 silly decomposeActions extract nan@2.2.0
149 silly decomposeActions preinstall nan@2.2.0
150 silly decomposeActions build nan@2.2.0
151 silly decomposeActions install nan@2.2.0
152 silly decomposeActions postinstall nan@2.2.0
153 silly decomposeActions test nan@2.2.0
154 silly decomposeActions finalize nan@2.2.0
155 silly decomposeActions fetch ursa@0.9.1
156 silly decomposeActions extract ursa@0.9.1
157 silly decomposeActions preinstall ursa@0.9.1
158 silly decomposeActions build ursa@0.9.1
159 silly decomposeActions install ursa@0.9.1
160 silly decomposeActions postinstall ursa@0.9.1
161 silly decomposeActions test ursa@0.9.1
162 silly decomposeActions finalize ursa@0.9.1
163 silly executeActions Starting
164 silly install executeActions
165 silly doSerial global-install 0
166 silly doParallel fetch 3
167 verbose lock using /home/mkash32/.npm/_locks/staging-17feb5817bfcb221.lock for /home/mkash32/Documents/Projects/Aadhaar/aadhaar-node-client/node_modules/.staging
168 silly doParallel extract 3
169 silly extract bindings@1.2.1
170 silly extract nan@2.2.0
171 silly extract ursa@0.9.1
172 verbose unbuild node_modules/.staging/bindings-d3ca9a0d3c7be08f4cca351b2613d3e1
173 verbose unbuild node_modules/.staging/nan-d58504fb2927150e4a9ea1fd841bcee0
174 verbose unbuild node_modules/.staging/ursa-1660d296d5cdf46c399f26fd06884d91
175 silly gentlyRm /home/mkash32/Documents/Projects/Aadhaar/aadhaar-node-client/node_modules/.staging/bindings-d3ca9a0d3c7be08f4cca351b2613d3e1 is being purged from base /home/mkash32/Documents/Projects/Aadhaar/aadhaar-node-client
176 silly gentlyRm /home/mkash32/Documents/Projects/Aadhaar/aadhaar-node-client/node_modules/.staging/nan-d58504fb2927150e4a9ea1fd841bcee0 is being purged from base /home/mkash32/Documents/Projects/Aadhaar/aadhaar-node-client
177 silly gentlyRm /home/mkash32/Documents/Projects/Aadhaar/aadhaar-node-client/node_modules/.staging/ursa-1660d296d5cdf46c399f26fd06884d91 is being purged from base /home/mkash32/Documents/Projects/Aadhaar/aadhaar-node-client
178 verbose gentlyRm don't care about contents; nuking /home/mkash32/Documents/Projects/Aadhaar/aadhaar-node-client/node_modules/.staging/bindings-d3ca9a0d3c7be08f4cca351b2613d3e1
179 verbose gentlyRm don't care about contents; nuking /home/mkash32/Documents/Projects/Aadhaar/aadhaar-node-client/node_modules/.staging/nan-d58504fb2927150e4a9ea1fd841bcee0
180 verbose gentlyRm don't care about contents; nuking /home/mkash32/Documents/Projects/Aadhaar/aadhaar-node-client/node_modules/.staging/ursa-1660d296d5cdf46c399f26fd06884d91
181 verbose tar unpack /home/mkash32/.npm/bindings/1.2.1/package.tgz
182 verbose tar unpacking to /home/mkash32/Documents/Projects/Aadhaar/aadhaar-node-client/node_modules/.staging/bindings-d3ca9a0d3c7be08f4cca351b2613d3e1
183 silly gentlyRm /home/mkash32/Documents/Projects/Aadhaar/aadhaar-node-client/node_modules/.staging/bindings-d3ca9a0d3c7be08f4cca351b2613d3e1 is being purged
184 verbose tar unpack /home/mkash32/.npm/nan/2.2.0/package.tgz
185 verbose tar unpacking to /home/mkash32/Documents/Projects/Aadhaar/aadhaar-node-client/node_modules/.staging/nan-d58504fb2927150e4a9ea1fd841bcee0
186 silly gentlyRm /home/mkash32/Documents/Projects/Aadhaar/aadhaar-node-client/node_modules/.staging/nan-d58504fb2927150e4a9ea1fd841bcee0 is being purged
187 verbose tar unpack /home/mkash32/.npm/ursa/0.9.1/package.tgz
188 verbose tar unpacking to /home/mkash32/Documents/Projects/Aadhaar/aadhaar-node-client/node_modules/.staging/ursa-1660d296d5cdf46c399f26fd06884d91
189 silly gentlyRm /home/mkash32/Documents/Projects/Aadhaar/aadhaar-node-client/node_modules/.staging/ursa-1660d296d5cdf46c399f26fd06884d91 is being purged
190 verbose gentlyRm don't care about contents; nuking /home/mkash32/Documents/Projects/Aadhaar/aadhaar-node-client/node_modules/.staging/bindings-d3ca9a0d3c7be08f4cca351b2613d3e1
191 verbose gentlyRm don't care about contents; nuking /home/mkash32/Documents/Projects/Aadhaar/aadhaar-node-client/node_modules/.staging/nan-d58504fb2927150e4a9ea1fd841bcee0
192 verbose gentlyRm don't care about contents; nuking /home/mkash32/Documents/Projects/Aadhaar/aadhaar-node-client/node_modules/.staging/ursa-1660d296d5cdf46c399f26fd06884d91
193 silly gunzTarPerm modes [ '775', '664' ]
194 silly gunzTarPerm modes [ '775', '664' ]
195 silly gunzTarPerm modes [ '775', '664' ]
196 silly gunzTarPerm extractEntry package.json
197 silly gunzTarPerm modified mode [ 'package.json', 420, 436 ]
198 silly gunzTarPerm extractEntry package.json
199 silly gunzTarPerm extractEntry package.json
200 silly gunzTarPerm modified mode [ 'package.json', 420, 436 ]
201 silly gunzTarPerm extractEntry README.md
202 silly gunzTarPerm modified mode [ 'README.md', 420, 436 ]
203 silly gunzTarPerm extractEntry bindings.js
204 silly gunzTarPerm modified mode [ 'bindings.js', 420, 436 ]
205 silly gunzTarPerm extractEntry README.md
206 silly gunzTarPerm extractEntry .npmignore
207 silly gunzTarPerm modified mode [ '.npmignore', 420, 436 ]
208 silly gunzTarPerm extractEntry README.md
209 silly gunzTarPerm modified mode [ 'README.md', 420, 436 ]
210 silly gunzTarPerm extractEntry include_dirs.js
211 silly gunzTarPerm extractEntry nan_converters.h
212 silly gunzTarPerm extractEntry LICENSE.md
213 silly gunzTarPerm extractEntry .dntrc
214 silly gunzTarPerm extractEntry binding.gyp
215 silly gunzTarPerm modified mode [ 'binding.gyp', 420, 436 ]
216 silly gunzTarPerm extractEntry appveyor.yml
217 silly gunzTarPerm extractEntry .travis.yml
218 silly gunzTarPerm modified mode [ '.travis.yml', 420, 436 ]
219 silly gunzTarPerm extractEntry lib/ursa.js
220 silly gunzTarPerm modified mode [ 'lib/ursa.js', 420, 436 ]
221 silly gunzTarPerm extractEntry src/asprintf.cc
222 silly gunzTarPerm modified mode [ 'src/asprintf.cc', 420, 436 ]
223 silly gunzTarPerm extractEntry src/asprintf.h
224 silly gunzTarPerm modified mode [ 'src/asprintf.h', 420, 436 ]
225 silly gunzTarPerm extractEntry doc/new.md
226 silly gunzTarPerm extractEntry doc/.build.sh
227 silly gunzTarPerm extractEntry doc/buffers.md
228 silly gunzTarPerm extractEntry doc/callback.md
229 silly gunzTarPerm extractEntry src/ursaNative.cc
230 silly gunzTarPerm modified mode [ 'src/ursaNative.cc', 420, 436 ]
231 silly gunzTarPerm extractEntry src/ursaNative.h
232 silly gunzTarPerm modified mode [ 'src/ursaNative.h', 420, 436 ]
233 silly gunzTarPerm extractEntry doc/converters.md
234 silly gunzTarPerm extractEntry doc/errors.md
235 silly gunzTarPerm extractEntry LICENSE.txt
236 silly gunzTarPerm modified mode [ 'LICENSE.txt', 420, 436 ]
237 silly gunzTarPerm extractEntry test/fixture.js
238 silly gunzTarPerm modified mode [ 'test/fixture.js', 420, 436 ]
239 silly gunzTarPerm extractEntry test/native.js
240 silly gunzTarPerm modified mode [ 'test/native.js', 420, 436 ]
241 silly gunzTarPerm extractEntry test/test.js
242 silly gunzTarPerm modified mode [ 'test/test.js', 420, 436 ]
243 silly gunzTarPerm extractEntry test/blort.pub
244 silly gunzTarPerm modified mode [ 'test/blort.pub', 420, 436 ]
245 silly gunzTarPerm extractEntry doc/maybe_types.md
246 silly gunzTarPerm extractEntry doc/methods.md
247 silly gunzTarPerm extractEntry test/blort.sshpub
248 silly gunzTarPerm modified mode [ 'test/blort.sshpub', 420, 436 ]
249 silly gunzTarPerm extractEntry doc/asyncworker.md
250 silly gunzTarPerm extractEntry doc/node_misc.md
251 silly gunzTarPerm extractEntry test/blort-pass.pem
252 silly gunzTarPerm modified mode [ 'test/blort-pass.pem', 420, 436 ]
253 silly gunzTarPerm extractEntry test/another_zorch.pem
254 silly gunzTarPerm modified mode [ 'test/another_zorch.pem', 420, 436 ]
255 silly gunzTarPerm extractEntry doc/object_wrappers.md
256 silly gunzTarPerm extractEntry doc/persistent.md
257 silly gunzTarPerm extractEntry test/pss_tv.pub
258 silly gunzTarPerm modified mode [ 'test/pss_tv.pub', 420, 436 ]
259 silly gunzTarPerm extractEntry test/blort.pem
260 silly gunzTarPerm modified mode [ 'test/blort.pem', 420, 436 ]
261 silly gunzTarPerm extractEntry doc/scopes.md
262 silly gunzTarPerm extractEntry doc/script.md
263 silly gunzTarPerm extractEntry test/zorch.pem
264 silly gunzTarPerm modified mode [ 'test/zorch.pem', 420, 436 ]
265 silly gunzTarPerm extractEntry test/zorch.pub
266 silly gunzTarPerm modified mode [ 'test/zorch.pub', 420, 436 ]
267 silly gunzTarPerm extractEntry doc/string_bytes.md
268 silly gunzTarPerm extractEntry doc/v8_internals.md
269 silly gunzTarPerm extractEntry doc/v8_misc.md
270 silly gunzTarPerm extractEntry nan.h
271 silly gunzTarPerm extractEntry nan_callbacks.h
272 silly gunzTarPerm extractEntry nan_callbacks_12_inl.h
273 silly gunzTarPerm extractEntry nan_callbacks_pre_12_inl.h
274 silly gunzTarPerm extractEntry nan_converters_43_inl.h
275 silly gunzTarPerm extractEntry nan_converters_pre_43_inl.h
276 silly gunzTarPerm extractEntry nan_implementation_12_inl.h
277 silly gunzTarPerm extractEntry nan_implementation_pre_12_inl.h
278 silly gunzTarPerm extractEntry nan_maybe_43_inl.h
279 silly gunzTarPerm extractEntry nan_maybe_pre_43_inl.h
280 silly gunzTarPerm extractEntry nan_new.h
281 silly gunzTarPerm extractEntry nan_object_wrap.h
282 silly gunzTarPerm extractEntry nan_persistent_12_inl.h
283 silly gunzTarPerm extractEntry nan_persistent_pre_12_inl.h
284 silly gunzTarPerm extractEntry nan_string_bytes.h
285 silly gunzTarPerm extractEntry nan_typedarray_contents.h
286 silly gunzTarPerm extractEntry nan_weak.h
287 silly gunzTarPerm extractEntry CHANGELOG.md
288 silly gunzTarPerm extractEntry tools/package.json
289 silly gunzTarPerm extractEntry tools/README.md
290 silly gunzTarPerm extractEntry tools/1to2.js
291 silly doParallel preinstall 3
292 silly preinstall bindings@1.2.1 /home/mkash32/Documents/Projects/Aadhaar/aadhaar-node-client/node_modules/.staging/bindings-d3ca9a0d3c7be08f4cca351b2613d3e1
293 info lifecycle bindings@1.2.1~preinstall: bindings@1.2.1
294 silly preinstall nan@2.2.0 /home/mkash32/Documents/Projects/Aadhaar/aadhaar-node-client/node_modules/.staging/nan-d58504fb2927150e4a9ea1fd841bcee0
295 info lifecycle nan@2.2.0~preinstall: nan@2.2.0
296 silly preinstall ursa@0.9.1 /home/mkash32/Documents/Projects/Aadhaar/aadhaar-node-client/node_modules/.staging/ursa-1660d296d5cdf46c399f26fd06884d91
297 info lifecycle ursa@0.9.1~preinstall: ursa@0.9.1
298 silly lifecycle bindings@1.2.1~preinstall: no script for preinstall, continuing
299 silly lifecycle nan@2.2.0~preinstall: no script for preinstall, continuing
300 silly lifecycle ursa@0.9.1~preinstall: no script for preinstall, continuing
301 silly doReverseSerial remove 0
302 silly doSerial move 0
303 silly doSerial finalize 3
304 silly finalize /home/mkash32/Documents/Projects/Aadhaar/aadhaar-node-client/node_modules/bindings
305 silly finalize /home/mkash32/Documents/Projects/Aadhaar/aadhaar-node-client/node_modules/nan
306 silly finalize /home/mkash32/Documents/Projects/Aadhaar/aadhaar-node-client/node_modules/ursa
307 silly doSerial build 3
308 silly build bindings@1.2.1
309 info linkStuff bindings@1.2.1
310 silly linkStuff bindings@1.2.1 has /home/mkash32/Documents/Projects/Aadhaar/aadhaar-node-client/node_modules as its parent node_modules
311 verbose linkBins bindings@1.2.1
312 verbose linkMans bindings@1.2.1
313 silly build nan@2.2.0
314 info linkStuff nan@2.2.0
315 silly linkStuff nan@2.2.0 has /home/mkash32/Documents/Projects/Aadhaar/aadhaar-node-client/node_modules as its parent node_modules
316 verbose linkBins nan@2.2.0
317 verbose linkMans nan@2.2.0
318 silly build ursa@0.9.1
319 info linkStuff ursa@0.9.1
320 silly linkStuff ursa@0.9.1 has /home/mkash32/Documents/Projects/Aadhaar/aadhaar-node-client/node_modules as its parent node_modules
321 verbose linkBins ursa@0.9.1
322 verbose linkMans ursa@0.9.1
323 silly doSerial global-link 0
324 silly doParallel update-linked 0
325 silly doSerial install 3
326 silly install bindings@1.2.1 /home/mkash32/Documents/Projects/Aadhaar/aadhaar-node-client/node_modules/.staging/bindings-d3ca9a0d3c7be08f4cca351b2613d3e1
327 info lifecycle bindings@1.2.1~install: bindings@1.2.1
328 silly lifecycle bindings@1.2.1~install: no script for install, continuing
329 silly install nan@2.2.0 /home/mkash32/Documents/Projects/Aadhaar/aadhaar-node-client/node_modules/.staging/nan-d58504fb2927150e4a9ea1fd841bcee0
330 info lifecycle nan@2.2.0~install: nan@2.2.0
331 silly lifecycle nan@2.2.0~install: no script for install, continuing
332 silly install ursa@0.9.1 /home/mkash32/Documents/Projects/Aadhaar/aadhaar-node-client/node_modules/.staging/ursa-1660d296d5cdf46c399f26fd06884d91
333 info lifecycle ursa@0.9.1~install: ursa@0.9.1
334 verbose lifecycle ursa@0.9.1~install: unsafe-perm in lifecycle true
335 verbose lifecycle ursa@0.9.1~install: PATH: /usr/local/bin/.nvm/versions/node/v5.4.1/lib/node_modules/npm/bin/node-gyp-bin:/home/mkash32/Documents/Projects/Aadhaar/aadhaar-node-client/node_modules/ursa/node_modules/.bin:/home/mkash32/Documents/Projects/Aadhaar/aadhaar-node-client/node_modules/.bin:/usr/local/sbin:/usr/local/bin:/usr/sbin:/usr/bin:/sbin:/bin:/usr/games:/usr/local/games:/usr/local/java/jdk1.8.0_51/bin:/usr/local/android/android-studio/bin
336 verbose lifecycle ursa@0.9.1~install: CWD: /home/mkash32/Documents/Projects/Aadhaar/aadhaar-node-client/node_modules/ursa
337 silly lifecycle ursa@0.9.1~install: Args: [ '-c', 'node-gyp rebuild' ]
338 info lifecycle ursa@0.9.1~install: Failed to exec install script
339 verbose unlock done using /home/mkash32/.npm/_locks/staging-17feb5817bfcb221.lock for /home/mkash32/Documents/Projects/Aadhaar/aadhaar-node-client/node_modules/.staging
340 silly rollbackFailedOptional Starting
341 silly rollbackFailedOptional Finishing
342 silly runTopLevelLifecycles Starting
343 silly runTopLevelLifecycles Finishing
344 silly install printInstalled
345 verbose stack Error: ursa@0.9.1 install: `node-gyp rebuild`
345 verbose stack spawn ENOENT
345 verbose stack     at ChildProcess.<anonymous> (/usr/local/bin/.nvm/versions/node/v5.4.1/lib/node_modules/npm/lib/utils/spawn.js:17:16)
345 verbose stack     at emitTwo (events.js:87:13)
345 verbose stack     at ChildProcess.emit (events.js:172:7)
345 verbose stack     at maybeClose (internal/child_process.js:821:16)
345 verbose stack     at Process.ChildProcess._handle.onexit (internal/child_process.js:211:5)
346 verbose pkgid ursa@0.9.1
347 verbose cwd /home/mkash32/Documents/Projects/Aadhaar/aadhaar-node-client
348 error Linux 3.16.0-46-generic
349 error argv "/usr/local/bin/.nvm/versions/node/v5.4.1/bin/node" "/usr/local/bin/.nvm/versions/node/v5.4.1/bin/npm" "install" "ursa"
350 error node v5.4.1
351 error npm  v3.3.12
352 error file sh
353 error code ELIFECYCLE
354 error errno ENOENT
355 error syscall spawn
356 error ursa@0.9.1 install: `node-gyp rebuild`
356 error spawn ENOENT
357 error Failed at the ursa@0.9.1 install script 'node-gyp rebuild'.
357 error Make sure you have the latest version of node.js and npm installed.
357 error If you do, this is most likely a problem with the ursa package,
357 error not with npm itself.
357 error Tell the author that this fails on your system:
357 error     node-gyp rebuild
357 error You can get their info via:
357 error     npm owner ls ursa
357 error There is likely additional logging output above.
358 verbose exit [ 1, true ]
